<?xml version="1.0" encoding="UTF-8"?>
<coverage generated="1651359749693" clover="3.2.0">
  <project timestamp="1651359749693" name="All files">
    <metrics statements="22" coveredstatements="9" conditionals="5" coveredconditionals="0" methods="7" coveredmethods="2" elements="34" coveredelements="11" complexity="0" loc="22" ncloc="22" packages="1" files="1" classes="1"/>
    <file name="functions.js" path="C:\Users\tomas\code\api-project\script\functions.js">
      <metrics statements="22" coveredstatements="9" conditionals="5" coveredconditionals="0" methods="7" coveredmethods="2"/>
      <line num="1" count="1" type="cond" truecount="0" falsecount="1"/>
      <line num="2" count="4" type="stmt"/>
      <line num="3" count="4" type="stmt"/>
      <line num="4" count="4" type="stmt"/>
      <line num="5" count="4" type="stmt"/>
      <line num="10" count="0" type="stmt"/>
      <line num="13" count="0" type="stmt"/>
      <line num="17" count="0" type="stmt"/>
      <line num="22" count="1" type="stmt"/>
      <line num="23" count="1" type="stmt"/>
      <line num="35" count="1" type="stmt"/>
      <line num="39" count="1" type="stmt"/>
      <line num="40" count="0" type="stmt"/>
      <line num="42" count="0" type="cond" truecount="0" falsecount="2"/>
      <line num="43" count="0" type="stmt"/>
      <line num="44" count="0" type="stmt"/>
      <line num="46" count="0" type="cond" truecount="0" falsecount="2"/>
      <line num="47" count="0" type="stmt"/>
      <line num="49" count="0" type="stmt"/>
      <line num="50" count="0" type="stmt"/>
      <line num="53" count="0" type="stmt"/>
      <line num="54" count="0" type="stmt"/>
    </file>
  </project>
</coverage>
