TN:
SF:script\functions.js
FN:1,(anonymous_0)
FN:9,(anonymous_1)
FN:12,(anonymous_2)
FN:17,(anonymous_3)
FN:22,(anonymous_4)
FN:39,(anonymous_5)
FN:43,(anonymous_6)
FNF:7
FNH:2
FNDA:4,(anonymous_0)
FNDA:0,(anonymous_1)
FNDA:0,(anonymous_2)
FNDA:0,(anonymous_3)
FNDA:1,(anonymous_4)
FNDA:0,(anonymous_5)
FNDA:0,(anonymous_6)
DA:1,1
DA:2,4
DA:3,4
DA:4,4
DA:5,4
DA:10,0
DA:13,0
DA:17,0
DA:22,1
DA:23,1
DA:35,1
DA:39,1
DA:40,0
DA:42,0
DA:43,0
DA:44,0
DA:46,0
DA:47,0
DA:49,0
DA:50,0
DA:53,0
DA:54,0
LF:22
LH:9
BRDA:1,0,0,0
BRDA:42,1,0,0
BRDA:42,1,1,0
BRDA:46,2,0,0
BRDA:46,2,1,0
BRF:5
BRH:0
end_of_record
